C:\Program Files (x86)\Microsoft Visual Studio\2017\Community\Common7\IDE\VC\VCTargets\Microsoft.CppBuild.targets(387,5): warning MSB8028: The intermediate directory (Debug\) contains files shared from another project (Cohen-Sutherland.vcxproj).  This can lead to incorrect clean and rebuild behavior.
  Main.cpp
d:\work\vsworkspace\computer_graphics\computer_graphics\stack.h(9): warning C4005: 'OVERFLOW': macro redefinition
  c:\program files (x86)\windows kits\10\include\10.0.15063.0\ucrt\corecrt_math.h(966): note: see previous definition of 'OVERFLOW'
d:\work\vsworkspace\computer_graphics\computer_graphics\stack.h(146): warning C4996: 'getch': The POSIX name for this item is deprecated. Instead, use the ISO C and C++ conformant name: _getch. See online help for details.
  c:\program files (x86)\windows kits\10\include\10.0.15063.0\ucrt\conio.h(452): note: see declaration of 'getch'
d:\work\vsworkspace\computer_graphics\computer_graphics\stack.h(128): warning C4101: 'y': unreferenced local variable
d:\work\vsworkspace\computer_graphics\computer_graphics\stack.h(128): warning C4101: 'x': unreferenced local variable
d:\work\vsworkspace\computer_graphics\computer_graphics\stack.h(129): warning C4101: 'color': unreferenced local variable
d:\work\vsworkspace\computer_graphics\computer_graphics\linedda.h(15): warning C4244: 'initializing': conversion from 'double' to 'float', possible loss of data
d:\work\vsworkspace\computer_graphics\computer_graphics\linedda.h(16): warning C4244: 'initializing': conversion from 'double' to 'float', possible loss of data
d:\work\vsworkspace\computer_graphics\computer_graphics\linedda.h(35): warning C4996: 'getch': The POSIX name for this item is deprecated. Instead, use the ISO C and C++ conformant name: _getch. See online help for details.
  c:\program files (x86)\windows kits\10\include\10.0.15063.0\ucrt\conio.h(452): note: see declaration of 'getch'
d:\work\vsworkspace\computer_graphics\computer_graphics\pointbypointprintline.h(71): warning C4996: 'getch': The POSIX name for this item is deprecated. Instead, use the ISO C and C++ conformant name: _getch. See online help for details.
  c:\program files (x86)\windows kits\10\include\10.0.15063.0\ucrt\conio.h(452): note: see declaration of 'getch'
d:\work\vsworkspace\computer_graphics\computer_graphics\bresenhamline.h(58): warning C4996: 'getch': The POSIX name for this item is deprecated. Instead, use the ISO C and C++ conformant name: _getch. See online help for details.
  c:\program files (x86)\windows kits\10\include\10.0.15063.0\ucrt\conio.h(452): note: see declaration of 'getch'
d:\work\vsworkspace\computer_graphics\computer_graphics\midpline.h(84): warning C4996: 'getch': The POSIX name for this item is deprecated. Instead, use the ISO C and C++ conformant name: _getch. See online help for details.
  c:\program files (x86)\windows kits\10\include\10.0.15063.0\ucrt\conio.h(452): note: see declaration of 'getch'
d:\work\vsworkspace\computer_graphics\computer_graphics\bresenhamcircle.h(34): warning C4244: '=': conversion from 'double' to 'int', possible loss of data
d:\work\vsworkspace\computer_graphics\computer_graphics\bresenhamcircle.h(40): warning C4996: 'getch': The POSIX name for this item is deprecated. Instead, use the ISO C and C++ conformant name: _getch. See online help for details.
  c:\program files (x86)\windows kits\10\include\10.0.15063.0\ucrt\conio.h(452): note: see declaration of 'getch'
d:\work\vsworkspace\computer_graphics\computer_graphics\midpointcircle.h(33): warning C4244: '=': conversion from 'double' to 'int', possible loss of data
d:\work\vsworkspace\computer_graphics\computer_graphics\midpointcircle.h(38): warning C4244: 'argument': conversion from 'double' to 'int', possible loss of data
d:\work\vsworkspace\computer_graphics\computer_graphics\midpointcircle.h(39): warning C4996: 'getch': The POSIX name for this item is deprecated. Instead, use the ISO C and C++ conformant name: _getch. See online help for details.
  c:\program files (x86)\windows kits\10\include\10.0.15063.0\ucrt\conio.h(452): note: see declaration of 'getch'
d:\work\vsworkspace\computer_graphics\computer_graphics\floodfill.h(66): warning C4244: '=': conversion from 'double' to 'int', possible loss of data
d:\work\vsworkspace\computer_graphics\computer_graphics\floodfill.h(82): warning C4996: 'getch': The POSIX name for this item is deprecated. Instead, use the ISO C and C++ conformant name: _getch. See online help for details.
  c:\program files (x86)\windows kits\10\include\10.0.15063.0\ucrt\conio.h(452): note: see declaration of 'getch'
d:\work\vsworkspace\computer_graphics\computer_graphics\floodfill.h(93): warning C4244: '=': conversion from 'double' to 'int', possible loss of data
d:\work\vsworkspace\computer_graphics\computer_graphics\floodfill.h(105): warning C4996: 'getch': The POSIX name for this item is deprecated. Instead, use the ISO C and C++ conformant name: _getch. See online help for details.
  c:\program files (x86)\windows kits\10\include\10.0.15063.0\ucrt\conio.h(452): note: see declaration of 'getch'
d:\work\vsworkspace\computer_graphics\computer_graphics\liangbarskyclip.h(80): warning C4244: '=': conversion from 'double' to 'int', possible loss of data
d:\work\vsworkspace\computer_graphics\computer_graphics\liangbarskyclip.h(107): warning C4996: 'getch': The POSIX name for this item is deprecated. Instead, use the ISO C and C++ conformant name: _getch. See online help for details.
  c:\program files (x86)\windows kits\10\include\10.0.15063.0\ucrt\conio.h(452): note: see declaration of 'getch'
d:\work\vsworkspace\computer_graphics\computer_graphics\liangbarskyclip.h(113): warning C4996: 'getch': The POSIX name for this item is deprecated. Instead, use the ISO C and C++ conformant name: _getch. See online help for details.
  c:\program files (x86)\windows kits\10\include\10.0.15063.0\ucrt\conio.h(452): note: see declaration of 'getch'
d:\work\vsworkspace\computer_graphics\computer_graphics\liangbarskyclip.h(78): warning C4101: 'y': unreferenced local variable
d:\work\vsworkspace\computer_graphics\computer_graphics\liangbarskyclip.h(78): warning C4101: 'x': unreferenced local variable
d:\work\vsworkspace\computer_graphics\computer_graphics\scanconversionalgorithm.h(18): warning C4244: '=': conversion from 'double' to 'int', possible loss of data
d:\work\vsworkspace\computer_graphics\computer_graphics\scanconversionalgorithm.h(40): warning C4244: '=': conversion from 'float' to 'int', possible loss of data
d:\work\vsworkspace\computer_graphics\computer_graphics\scanconversionalgorithm.h(42): warning C4244: '=': conversion from 'float' to 'int', possible loss of data
d:\work\vsworkspace\computer_graphics\computer_graphics\scanconversionalgorithm.h(33): warning C4996: 'scanf': This function or variable may be unsafe. Consider using scanf_s instead. To disable deprecation, use _CRT_SECURE_NO_WARNINGS. See online help for details.
  c:\program files (x86)\windows kits\10\include\10.0.15063.0\ucrt\stdio.h(1272): note: see declaration of 'scanf'
d:\work\vsworkspace\computer_graphics\computer_graphics\scanconversionalgorithm.h(37): warning C4996: 'scanf': This function or variable may be unsafe. Consider using scanf_s instead. To disable deprecation, use _CRT_SECURE_NO_WARNINGS. See online help for details.
  c:\program files (x86)\windows kits\10\include\10.0.15063.0\ucrt\stdio.h(1272): note: see declaration of 'scanf'
d:\work\vsworkspace\computer_graphics\computer_graphics\scanconversionalgorithm.h(100): warning C4996: 'getch': The POSIX name for this item is deprecated. Instead, use the ISO C and C++ conformant name: _getch. See online help for details.
  c:\program files (x86)\windows kits\10\include\10.0.15063.0\ucrt\conio.h(452): note: see declaration of 'getch'
  Computer_Graphics.vcxproj -> D:\work\VSWorkspace\Computer_Graphics\Debug\Code.exe
